2024-11-01 11:24:47,952 - INFO - Importing module: 0306221357
2024-11-01 11:24:47,958 - INFO - Module import took 0.0053 seconds
2024-11-01 11:24:48,969 - INFO - 
tests run: 10
2024-11-01 11:24:48,969 - INFO - errors: 0
2024-11-01 11:24:48,969 - INFO - failures: 2
2024-11-01 11:24:48,969 - INFO - success: 8
2024-11-01 11:24:48,969 - INFO - skipped: 0
2024-11-01 11:24:48,984 - INFO - Importing module: 0306221363
2024-11-01 11:24:48,985 - INFO - Module import took 0.0015 seconds
2024-11-01 11:24:48,987 - INFO - 
tests run: 10
2024-11-01 11:24:48,987 - INFO - errors: 0
2024-11-01 11:24:48,987 - INFO - failures: 1
2024-11-01 11:24:48,987 - INFO - success: 9
2024-11-01 11:24:48,987 - INFO - skipped: 0
2024-11-01 11:24:48,992 - INFO - Importing module: 0306211535
2024-11-01 11:24:48,993 - INFO - Module import took 0.0011 seconds
2024-11-01 11:24:48,996 - INFO - 
tests run: 10
2024-11-01 11:24:48,996 - INFO - errors: 0
2024-11-01 11:24:48,996 - INFO - failures: 6
2024-11-01 11:24:48,996 - INFO - success: 4
2024-11-01 11:24:48,996 - INFO - skipped: 0
2024-11-01 11:24:49,001 - INFO - Importing module: 0306221395
2024-11-01 11:24:49,003 - INFO - Module import took 0.0011 seconds
2024-11-01 11:24:49,004 - INFO - 
tests run: 10
2024-11-01 11:24:49,004 - INFO - errors: 0
2024-11-01 11:24:49,004 - INFO - failures: 0
2024-11-01 11:24:49,004 - INFO - success: 10
2024-11-01 11:24:49,004 - INFO - skipped: 0
2024-11-01 11:24:49,009 - INFO - Importing module: 0306221004
2024-11-01 11:24:52,014 - WARNING - Module 0306221004 import timed out after 3 seconds
2024-11-01 11:24:52,026 - INFO - Importing module: 0306221226
2024-11-01 11:24:52,029 - INFO - Module import took 0.0026 seconds
2024-11-01 11:24:52,031 - INFO - 
tests run: 10
2024-11-01 11:24:52,031 - INFO - errors: 0
2024-11-01 11:24:52,031 - INFO - failures: 1
2024-11-01 11:24:52,031 - INFO - success: 9
2024-11-01 11:24:52,032 - INFO - skipped: 0
2024-11-01 11:24:52,040 - INFO - Importing module: 0306221303
2024-11-01 11:24:52,042 - INFO - Module import took 0.0011 seconds
2024-11-01 11:24:52,043 - INFO - 
tests run: 10
2024-11-01 11:24:52,043 - INFO - errors: 0
2024-11-01 11:24:52,043 - INFO - failures: 1
2024-11-01 11:24:52,043 - INFO - success: 9
2024-11-01 11:24:52,043 - INFO - skipped: 0
2024-11-01 11:24:52,051 - INFO - Importing module: 0306221438
2024-11-01 11:24:55,056 - WARNING - Module 0306221438 import timed out after 3 seconds
2024-11-01 11:24:55,067 - INFO - Importing module: 0306221313
2024-11-01 11:24:55,069 - INFO - Module import took 0.0027 seconds
2024-11-01 11:24:56,081 - INFO - 
tests run: 10
2024-11-01 11:24:56,081 - INFO - errors: 3
2024-11-01 11:24:56,081 - INFO - failures: 6
2024-11-01 11:24:56,081 - INFO - success: 1
2024-11-01 11:24:56,081 - INFO - skipped: 0
2024-11-01 11:24:56,087 - INFO - Importing module: 0306221193
2024-11-01 11:24:56,088 - INFO - Module import took 0.0014 seconds
2024-11-01 11:24:57,096 - INFO - 
tests run: 10
2024-11-01 11:24:57,096 - INFO - errors: 0
2024-11-01 11:24:57,096 - INFO - failures: 2
2024-11-01 11:24:57,096 - INFO - success: 8
2024-11-01 11:24:57,096 - INFO - skipped: 0
2024-11-01 11:24:57,102 - INFO - Importing module: 0306211415
2024-11-01 11:24:57,104 - INFO - Module import took 0.0012 seconds
2024-11-01 11:24:57,106 - INFO - 
tests run: 10
2024-11-01 11:24:57,106 - INFO - errors: 0
2024-11-01 11:24:57,106 - INFO - failures: 7
2024-11-01 11:24:57,106 - INFO - success: 3
2024-11-01 11:24:57,106 - INFO - skipped: 0
2024-11-01 11:24:57,112 - INFO - Importing module: 0306221376
2024-11-01 11:24:57,113 - INFO - Module import took 0.0011 seconds
2024-11-01 11:24:57,114 - INFO - 
tests run: 10
2024-11-01 11:24:57,114 - INFO - errors: 0
2024-11-01 11:24:57,114 - INFO - failures: 2
2024-11-01 11:24:57,114 - INFO - success: 8
2024-11-01 11:24:57,114 - INFO - skipped: 0
2024-11-01 11:24:57,119 - INFO - Importing module: 0306221267
2024-11-01 11:24:57,119 - INFO - Module import took 0.0006 seconds
2024-11-01 11:24:57,121 - INFO - 
tests run: 10
2024-11-01 11:24:57,121 - INFO - errors: 0
2024-11-01 11:24:57,121 - INFO - failures: 7
2024-11-01 11:24:57,121 - INFO - success: 3
2024-11-01 11:24:57,121 - INFO - skipped: 0
2024-11-01 11:24:57,127 - INFO - Importing module: 0306221385
2024-11-01 11:24:57,128 - INFO - Module import took 0.0015 seconds
2024-11-01 11:24:57,130 - INFO - 
tests run: 10
2024-11-01 11:24:57,130 - INFO - errors: 0
2024-11-01 11:24:57,130 - INFO - failures: 1
2024-11-01 11:24:57,130 - INFO - success: 9
2024-11-01 11:24:57,130 - INFO - skipped: 0
2024-11-01 11:24:57,135 - INFO - Importing module: 0306221096
2024-11-01 11:24:57,136 - INFO - Module import took 0.0010 seconds
2024-11-01 11:24:57,137 - INFO - 
tests run: 10
2024-11-01 11:24:57,137 - INFO - errors: 0
2024-11-01 11:24:57,137 - INFO - failures: 1
2024-11-01 11:24:57,137 - INFO - success: 9
2024-11-01 11:24:57,137 - INFO - skipped: 0
2024-11-01 11:24:57,144 - INFO - Importing module: 0306221307
2024-11-01 11:24:57,145 - INFO - Module import took 0.0013 seconds
2024-11-01 11:24:57,148 - INFO - 
tests run: 10
2024-11-01 11:24:57,148 - INFO - errors: 0
2024-11-01 11:24:57,148 - INFO - failures: 7
2024-11-01 11:24:57,148 - INFO - success: 3
2024-11-01 11:24:57,148 - INFO - skipped: 0
2024-11-01 11:24:57,153 - INFO - Importing module: 0306221247
2024-11-01 11:24:57,154 - INFO - Module import took 0.0009 seconds
2024-11-01 11:24:57,156 - INFO - 
tests run: 10
2024-11-01 11:24:57,156 - INFO - errors: 0
2024-11-01 11:24:57,156 - INFO - failures: 4
2024-11-01 11:24:57,156 - INFO - success: 6
2024-11-01 11:24:57,156 - INFO - skipped: 0
2024-11-01 11:24:57,163 - INFO - Importing module: 0306221280
2024-11-01 11:24:57,164 - INFO - Module import took 0.0009 seconds
2024-11-01 11:24:57,167 - INFO - 
tests run: 10
2024-11-01 11:24:57,167 - INFO - errors: 4
2024-11-01 11:24:57,167 - INFO - failures: 3
2024-11-01 11:24:57,167 - INFO - success: 3
2024-11-01 11:24:57,167 - INFO - skipped: 0
2024-11-01 11:24:57,172 - INFO - Importing module: 0306221323
2024-11-01 11:25:00,173 - WARNING - Module 0306221323 import timed out after 3 seconds
2024-11-01 11:25:00,182 - INFO - Importing module: 0306221372
2024-11-01 11:25:00,184 - INFO - Module import took 0.0016 seconds
2024-11-01 11:25:00,186 - INFO - 
tests run: 10
2024-11-01 11:25:00,186 - INFO - errors: 0
2024-11-01 11:25:00,186 - INFO - failures: 1
2024-11-01 11:25:00,186 - INFO - success: 9
2024-11-01 11:25:00,186 - INFO - skipped: 0
2024-11-01 11:25:00,198 - INFO - Importing module: 0306221150
2024-11-01 11:25:00,199 - INFO - Module import took 0.0008 seconds
2024-11-01 11:25:00,202 - INFO - 
tests run: 10
2024-11-01 11:25:00,202 - INFO - errors: 0
2024-11-01 11:25:00,202 - INFO - failures: 9
2024-11-01 11:25:00,202 - INFO - success: 1
2024-11-01 11:25:00,202 - INFO - skipped: 0
2024-11-01 11:25:00,209 - INFO - Importing module: 0306221206
2024-11-01 11:25:00,210 - INFO - Module import took 0.0007 seconds
2024-11-01 11:25:00,213 - INFO - 
tests run: 10
2024-11-01 11:25:00,213 - INFO - errors: 3
2024-11-01 11:25:00,213 - INFO - failures: 1
2024-11-01 11:25:00,213 - INFO - success: 6
2024-11-01 11:25:00,213 - INFO - skipped: 0
2024-11-01 11:25:00,219 - INFO - Importing module: 0306221164
2024-11-01 11:25:00,221 - INFO - Module import took 0.0011 seconds
2024-11-01 11:25:00,223 - INFO - 
tests run: 10
2024-11-01 11:25:00,223 - INFO - errors: 0
2024-11-01 11:25:00,223 - INFO - failures: 7
2024-11-01 11:25:00,223 - INFO - success: 3
2024-11-01 11:25:00,223 - INFO - skipped: 0
2024-11-01 11:25:00,234 - INFO - Importing module: 0306221485
2024-11-01 11:25:00,236 - INFO - Module import took 0.0019 seconds
2024-11-01 11:25:00,239 - INFO - 
tests run: 10
2024-11-01 11:25:00,239 - INFO - errors: 1
2024-11-01 11:25:00,239 - INFO - failures: 1
2024-11-01 11:25:00,239 - INFO - success: 8
2024-11-01 11:25:00,239 - INFO - skipped: 0
2024-11-01 11:25:00,250 - INFO - Importing module: 0306221427
2024-11-01 11:25:00,251 - INFO - Module import took 0.0010 seconds
2024-11-01 11:25:00,254 - INFO - 
tests run: 10
2024-11-01 11:25:00,254 - INFO - errors: 0
2024-11-01 11:25:00,254 - INFO - failures: 4
2024-11-01 11:25:00,254 - INFO - success: 6
2024-11-01 11:25:00,254 - INFO - skipped: 0
2024-11-01 11:25:00,260 - INFO - Importing module: 0306211077
2024-11-01 11:25:00,262 - INFO - Module import took 0.0018 seconds
2024-11-01 11:25:00,265 - INFO - 
tests run: 10
2024-11-01 11:25:00,266 - INFO - errors: 0
2024-11-01 11:25:00,266 - INFO - failures: 7
2024-11-01 11:25:00,266 - INFO - success: 3
2024-11-01 11:25:00,266 - INFO - skipped: 0
2024-11-01 11:25:00,272 - INFO - Importing module: 0306221379
2024-11-01 11:25:00,274 - INFO - Module import took 0.0017 seconds
2024-11-01 11:25:00,275 - INFO - 
tests run: 10
2024-11-01 11:25:00,276 - INFO - errors: 0
2024-11-01 11:25:00,276 - INFO - failures: 3
2024-11-01 11:25:00,276 - INFO - success: 7
2024-11-01 11:25:00,276 - INFO - skipped: 0
2024-11-01 11:25:00,283 - INFO - Importing module: 0306211176
2024-11-01 11:25:00,284 - INFO - Module import took 0.0014 seconds
2024-11-01 11:25:00,286 - INFO - 
tests run: 10
2024-11-01 11:25:00,286 - INFO - errors: 0
2024-11-01 11:25:00,286 - INFO - failures: 1
2024-11-01 11:25:00,286 - INFO - success: 9
2024-11-01 11:25:00,286 - INFO - skipped: 0
2024-11-01 11:25:00,292 - INFO - Importing module: 0306221219
2024-11-01 11:25:00,294 - INFO - Module import took 0.0011 seconds
2024-11-01 11:25:00,296 - INFO - 
tests run: 10
2024-11-01 11:25:00,297 - INFO - errors: 0
2024-11-01 11:25:00,297 - INFO - failures: 3
2024-11-01 11:25:00,297 - INFO - success: 7
2024-11-01 11:25:00,297 - INFO - skipped: 0
2024-11-01 11:25:00,303 - INFO - Importing module: 0306221308
2024-11-01 11:25:00,304 - ERROR - 0306221308 error!!! expected an indented block after function definition on line 6 (0306221308.py, line 7)
2024-11-01 11:25:00,309 - INFO - Importing module: 0306221248
2024-11-01 11:25:00,310 - INFO - Module import took 0.0016 seconds
2024-11-01 11:25:00,314 - INFO - 
tests run: 10
2024-11-01 11:25:00,314 - INFO - errors: 0
2024-11-01 11:25:00,314 - INFO - failures: 4
2024-11-01 11:25:00,314 - INFO - success: 6
2024-11-01 11:25:00,314 - INFO - skipped: 0
2024-11-01 11:25:00,320 - INFO - Importing module: 0306221456
2024-11-01 11:25:00,322 - INFO - Module import took 0.0015 seconds
2024-11-01 11:25:00,323 - INFO - 
tests run: 10
2024-11-01 11:25:00,323 - INFO - errors: 0
2024-11-01 11:25:00,323 - INFO - failures: 2
2024-11-01 11:25:00,323 - INFO - success: 8
2024-11-01 11:25:00,323 - INFO - skipped: 0
2024-11-01 11:25:00,331 - INFO - Importing module: 0306211081
2024-11-01 11:25:00,332 - INFO - Module import took 0.0013 seconds
2024-11-01 11:25:02,342 - INFO - 
tests run: 10
2024-11-01 11:25:02,343 - INFO - errors: 0
2024-11-01 11:25:02,343 - INFO - failures: 5
2024-11-01 11:25:02,343 - INFO - success: 5
2024-11-01 11:25:02,343 - INFO - skipped: 0
2024-11-01 11:25:02,350 - INFO - Importing module: 0306211072
2024-11-01 11:25:02,352 - INFO - Module import took 0.0024 seconds
2024-11-01 11:25:02,355 - INFO - 
tests run: 10
2024-11-01 11:25:02,356 - INFO - errors: 0
2024-11-01 11:25:02,356 - INFO - failures: 7
2024-11-01 11:25:02,356 - INFO - success: 3
2024-11-01 11:25:02,356 - INFO - skipped: 0
2024-11-01 11:25:02,367 - INFO - Importing module: 0306211106
2024-11-01 11:25:02,368 - INFO - Module import took 0.0014 seconds
2024-11-01 11:25:04,379 - INFO - 
tests run: 10
2024-11-01 11:25:04,379 - INFO - errors: 0
2024-11-01 11:25:04,379 - INFO - failures: 5
2024-11-01 11:25:04,379 - INFO - success: 5
2024-11-01 11:25:04,379 - INFO - skipped: 0
2024-11-01 11:25:04,386 - INFO - Importing module: 0306221473
2024-11-01 11:25:04,388 - INFO - Module import took 0.0013 seconds
2024-11-01 11:25:04,389 - INFO - 
tests run: 10
2024-11-01 11:25:04,389 - INFO - errors: 0
2024-11-01 11:25:04,389 - INFO - failures: 4
2024-11-01 11:25:04,389 - INFO - success: 6
2024-11-01 11:25:04,389 - INFO - skipped: 0
2024-11-01 11:25:04,395 - INFO - Importing module: 0306221319
2024-11-01 11:25:04,396 - INFO - Module import took 0.0010 seconds
2024-11-01 11:25:04,397 - INFO - 
tests run: 10
2024-11-01 11:25:04,397 - INFO - errors: 0
2024-11-01 11:25:04,397 - INFO - failures: 1
2024-11-01 11:25:04,397 - INFO - success: 9
2024-11-01 11:25:04,397 - INFO - skipped: 0
2024-11-01 11:25:04,404 - INFO - Importing module: 0306221088
2024-11-01 11:25:04,405 - INFO - Module import took 0.0010 seconds
2024-11-01 11:25:06,413 - INFO - 
tests run: 10
2024-11-01 11:25:06,414 - INFO - errors: 0
2024-11-01 11:25:06,414 - INFO - failures: 9
2024-11-01 11:25:06,414 - INFO - success: 1
2024-11-01 11:25:06,414 - INFO - skipped: 0
2024-11-01 11:25:06,426 - INFO - Importing module: 0306211173
2024-11-01 11:25:06,429 - INFO - Module import took 0.0029 seconds
2024-11-01 11:25:06,432 - INFO - 
tests run: 10
2024-11-01 11:25:06,432 - INFO - errors: 0
2024-11-01 11:25:06,432 - INFO - failures: 7
2024-11-01 11:25:06,432 - INFO - success: 3
2024-11-01 11:25:06,432 - INFO - skipped: 0
2024-11-01 11:25:06,440 - INFO - Importing module: 0306221457
2024-11-01 11:25:06,441 - INFO - Module import took 0.0011 seconds
2024-11-01 11:25:06,445 - INFO - 
tests run: 10
2024-11-01 11:25:06,445 - INFO - errors: 0
2024-11-01 11:25:06,445 - INFO - failures: 6
2024-11-01 11:25:06,445 - INFO - success: 4
2024-11-01 11:25:06,445 - INFO - skipped: 0
2024-11-01 11:25:06,453 - INFO - Importing module: 0306211211
2024-11-01 11:25:06,454 - INFO - Module import took 0.0007 seconds
2024-11-01 11:25:06,456 - INFO - 
tests run: 10
2024-11-01 11:25:06,456 - INFO - errors: 0
2024-11-01 11:25:06,456 - INFO - failures: 8
2024-11-01 11:25:06,456 - INFO - success: 2
2024-11-01 11:25:06,456 - INFO - skipped: 0
2024-11-01 11:25:06,464 - INFO - Importing module: 0306211351
2024-11-01 11:25:06,465 - INFO - Module import took 0.0005 seconds
2024-11-01 11:25:06,467 - INFO - 
tests run: 10
2024-11-01 11:25:06,467 - INFO - errors: 0
2024-11-01 11:25:06,467 - INFO - failures: 6
2024-11-01 11:25:06,467 - INFO - success: 4
2024-11-01 11:25:06,467 - INFO - skipped: 0
2024-11-01 11:25:06,475 - INFO - Importing module: 0306221228
2024-11-01 11:25:06,476 - INFO - Module import took 0.0005 seconds
2024-11-01 11:25:06,479 - INFO - 
tests run: 10
2024-11-01 11:25:06,479 - INFO - errors: 0
2024-11-01 11:25:06,479 - INFO - failures: 0
2024-11-01 11:25:06,479 - INFO - success: 10
2024-11-01 11:25:06,479 - INFO - skipped: 0
2024-11-01 11:25:06,490 - INFO - Importing module: 0306221339
2024-11-01 11:25:06,490 - INFO - Module import took 0.0006 seconds
2024-11-01 11:25:06,491 - INFO - 
tests run: 10
2024-11-01 11:25:06,491 - INFO - errors: 0
2024-11-01 11:25:06,491 - INFO - failures: 1
2024-11-01 11:25:06,492 - INFO - success: 9
2024-11-01 11:25:06,492 - INFO - skipped: 0
2024-11-01 11:25:06,499 - INFO - Importing module: 0306201512
2024-11-01 11:25:06,500 - INFO - Module import took 0.0010 seconds
2024-11-01 11:25:06,503 - INFO - 
tests run: 10
2024-11-01 11:25:06,503 - INFO - errors: 0
2024-11-01 11:25:06,503 - INFO - failures: 7
2024-11-01 11:25:06,503 - INFO - success: 3
2024-11-01 11:25:06,504 - INFO - skipped: 0
2024-11-01 11:25:06,510 - INFO - Importing module: 0306211037
2024-11-01 11:25:06,511 - ERROR - 0306211037 error!!! cannot assign to function call here. Maybe you meant '==' instead of '='? (0306211037.py, line 17)
2024-11-01 11:25:06,517 - INFO - Importing module: 0306211221
2024-11-01 11:25:06,518 - ERROR - 0306211221 error!!! invalid syntax (0306211221.py, line 9)
2024-11-01 11:25:06,523 - INFO - Importing module: 0306211366
2024-11-01 11:25:06,524 - INFO - Module import took 0.0005 seconds
2024-11-01 11:25:06,526 - INFO - 
tests run: 10
2024-11-01 11:25:06,527 - INFO - errors: 1
2024-11-01 11:25:06,527 - INFO - failures: 5
2024-11-01 11:25:06,527 - INFO - success: 4
2024-11-01 11:25:06,527 - INFO - skipped: 0
2024-11-01 11:25:06,533 - INFO - Importing module: 0306221460
2024-11-01 11:25:06,536 - INFO - Module import took 0.0020 seconds
2024-11-01 11:25:06,537 - INFO - 
tests run: 10
2024-11-01 11:25:06,537 - INFO - errors: 0
2024-11-01 11:25:06,537 - INFO - failures: 3
2024-11-01 11:25:06,537 - INFO - success: 7
2024-11-01 11:25:06,537 - INFO - skipped: 0
2024-11-01 11:25:06,546 - INFO - Importing module: 0306221405
2024-11-01 11:25:06,547 - INFO - Module import took 0.0011 seconds
2024-11-01 11:25:06,548 - INFO - 
tests run: 10
2024-11-01 11:25:06,549 - INFO - errors: 2
2024-11-01 11:25:06,549 - INFO - failures: 4
2024-11-01 11:25:06,549 - INFO - success: 4
2024-11-01 11:25:06,549 - INFO - skipped: 0
2024-11-01 11:25:06,555 - INFO - Importing module: 0306221118
2024-11-01 11:25:06,556 - INFO - Module import took 0.0007 seconds
2024-11-01 11:25:06,558 - INFO - 
tests run: 10
2024-11-01 11:25:06,558 - INFO - errors: 0
2024-11-01 11:25:06,558 - INFO - failures: 8
2024-11-01 11:25:06,558 - INFO - success: 2
2024-11-01 11:25:06,558 - INFO - skipped: 0
2024-11-01 11:25:06,565 - INFO - Importing module: 0306221108
2024-11-01 11:25:06,566 - ERROR - 0306221108 error!!! expected ':' (0306221108.py, line 7)
2024-11-01 11:25:06,572 - INFO - Importing module: 0306221388
2024-11-01 11:25:06,572 - INFO - Module import took 0.0005 seconds
2024-11-01 11:25:06,574 - INFO - 
tests run: 10
2024-11-01 11:25:06,574 - INFO - errors: 0
2024-11-01 11:25:06,574 - INFO - failures: 2
2024-11-01 11:25:06,574 - INFO - success: 8
2024-11-01 11:25:06,574 - INFO - skipped: 0
2024-11-01 11:25:06,580 - INFO - Importing module: 0306221400
2024-11-01 11:25:06,581 - INFO - Module import took 0.0006 seconds
2024-11-01 11:25:06,582 - INFO - 
tests run: 10
2024-11-01 11:25:06,582 - INFO - errors: 0
2024-11-01 11:25:06,582 - INFO - failures: 3
2024-11-01 11:25:06,582 - INFO - success: 7
2024-11-01 11:25:06,582 - INFO - skipped: 0
2024-11-01 11:25:06,589 - INFO - Importing module: 0306211363
2024-11-01 11:25:06,589 - INFO - Module import took 0.0005 seconds
2024-11-01 11:25:06,592 - INFO - 
tests run: 10
2024-11-01 11:25:06,592 - INFO - errors: 1
2024-11-01 11:25:06,592 - INFO - failures: 5
2024-11-01 11:25:06,592 - INFO - success: 4
2024-11-01 11:25:06,592 - INFO - skipped: 0
2024-11-01 11:25:06,599 - INFO - Importing module: 0306221471
2024-11-01 11:25:06,599 - INFO - Module import took 0.0005 seconds
2024-11-01 11:25:11,623 - INFO - 
tests run: 10
2024-11-01 11:25:11,623 - INFO - errors: 0
2024-11-01 11:25:11,623 - INFO - failures: 9
2024-11-01 11:25:11,623 - INFO - success: 1
2024-11-01 11:25:11,623 - INFO - skipped: 0
2024-11-01 11:25:11,643 - INFO - Importing module: 0306221482
2024-11-01 11:25:11,644 - INFO - Module import took 0.0010 seconds
2024-11-01 11:25:11,647 - INFO - 
tests run: 10
2024-11-01 11:25:11,647 - INFO - errors: 0
2024-11-01 11:25:11,648 - INFO - failures: 4
2024-11-01 11:25:11,648 - INFO - success: 6
2024-11-01 11:25:11,648 - INFO - skipped: 0
2024-11-01 11:25:11,655 - INFO - Importing module: 0306211528
2024-11-01 11:25:11,656 - INFO - Module import took 0.0011 seconds
2024-11-01 11:25:11,660 - INFO - 
tests run: 10
2024-11-01 11:25:11,660 - INFO - errors: 2
2024-11-01 11:25:11,660 - INFO - failures: 5
2024-11-01 11:25:11,660 - INFO - success: 3
2024-11-01 11:25:11,660 - INFO - skipped: 0
2024-11-01 11:25:11,667 - INFO - Importing module: 0306211285
2024-11-01 11:25:11,668 - INFO - Module import took 0.0007 seconds
2024-11-01 11:25:11,669 - INFO - 
tests run: 10
2024-11-01 11:25:11,669 - INFO - errors: 0
2024-11-01 11:25:11,669 - INFO - failures: 1
2024-11-01 11:25:11,669 - INFO - success: 9
2024-11-01 11:25:11,669 - INFO - skipped: 0
2024-11-01 11:25:11,675 - INFO - Importing module: 0306211005
2024-11-01 11:25:11,676 - INFO - Module import took 0.0007 seconds
2024-11-01 11:25:13,688 - INFO - 
tests run: 10
2024-11-01 11:25:13,688 - INFO - errors: 0
2024-11-01 11:25:13,688 - INFO - failures: 5
2024-11-01 11:25:13,688 - INFO - success: 5
2024-11-01 11:25:13,688 - INFO - skipped: 0
2024-11-01 11:25:13,696 - INFO - Importing module: 0306211060
2024-11-01 11:25:13,697 - INFO - Module import took 0.0011 seconds
2024-11-01 11:25:13,699 - INFO - 
tests run: 10
2024-11-01 11:25:13,699 - INFO - errors: 0
2024-11-01 11:25:13,699 - INFO - failures: 7
2024-11-01 11:25:13,699 - INFO - success: 3
2024-11-01 11:25:13,699 - INFO - skipped: 0
2024-11-01 11:25:13,706 - INFO - Importing module: 0306221334
2024-11-01 11:25:13,707 - INFO - Module import took 0.0005 seconds
2024-11-01 11:25:13,708 - INFO - 
tests run: 10
2024-11-01 11:25:13,708 - INFO - errors: 0
2024-11-01 11:25:13,708 - INFO - failures: 3
2024-11-01 11:25:13,708 - INFO - success: 7
2024-11-01 11:25:13,708 - INFO - skipped: 0
2024-11-01 11:25:13,716 - INFO - Importing module: 0306221489
2024-11-01 11:25:13,717 - INFO - Module import took 0.0005 seconds
2024-11-01 11:25:13,718 - INFO - 
tests run: 10
2024-11-01 11:25:13,718 - INFO - errors: 0
2024-11-01 11:25:13,718 - INFO - failures: 4
2024-11-01 11:25:13,718 - INFO - success: 6
2024-11-01 11:25:13,718 - INFO - skipped: 0
2024-11-01 11:25:13,725 - INFO - Importing module: 0306221324
2024-11-01 11:25:13,726 - INFO - Module import took 0.0005 seconds
2024-11-01 11:25:13,731 - INFO - 
tests run: 10
2024-11-01 11:25:13,731 - INFO - errors: 1
2024-11-01 11:25:13,731 - INFO - failures: 7
2024-11-01 11:25:13,731 - INFO - success: 2
2024-11-01 11:25:13,731 - INFO - skipped: 0
2024-11-01 11:25:13,739 - INFO - Importing module: 0306221320
2024-11-01 11:25:13,740 - INFO - Module import took 0.0005 seconds
2024-11-01 11:25:13,740 - INFO - 
tests run: 10
2024-11-01 11:25:13,740 - INFO - errors: 0
2024-11-01 11:25:13,741 - INFO - failures: 0
2024-11-01 11:25:13,741 - INFO - success: 10
2024-11-01 11:25:13,741 - INFO - skipped: 0
2024-11-01 11:25:13,749 - INFO - Importing module: 0306221314
2024-11-01 11:25:13,749 - INFO - Module import took 0.0005 seconds
2024-11-01 11:25:13,751 - INFO - 
tests run: 10
2024-11-01 11:25:13,751 - INFO - errors: 0
2024-11-01 11:25:13,751 - INFO - failures: 6
2024-11-01 11:25:13,751 - INFO - success: 4
2024-11-01 11:25:13,751 - INFO - skipped: 0
2024-11-01 11:25:13,758 - INFO - Importing module: 0306221354
2024-11-01 11:25:13,758 - INFO - Module import took 0.0005 seconds
2024-11-01 11:25:13,759 - INFO - 
tests run: 10
2024-11-01 11:25:13,759 - INFO - errors: 0
2024-11-01 11:25:13,759 - INFO - failures: 1
2024-11-01 11:25:13,759 - INFO - success: 9
2024-11-01 11:25:13,759 - INFO - skipped: 0
2024-11-01 11:25:13,767 - INFO - Importing module: 0306221245
2024-11-01 11:25:13,767 - INFO - Module import took 0.0005 seconds
2024-11-01 11:25:13,769 - INFO - 
tests run: 10
2024-11-01 11:25:13,769 - INFO - errors: 0
2024-11-01 11:25:13,769 - INFO - failures: 4
2024-11-01 11:25:13,769 - INFO - success: 6
2024-11-01 11:25:13,769 - INFO - skipped: 0
2024-11-01 11:25:13,775 - INFO - Importing module: 0306221360
2024-11-01 11:25:13,776 - INFO - Module import took 0.0009 seconds
2024-11-01 11:25:13,777 - INFO - 
tests run: 10
2024-11-01 11:25:13,777 - INFO - errors: 0
2024-11-01 11:25:13,778 - INFO - failures: 0
2024-11-01 11:25:13,778 - INFO - success: 10
2024-11-01 11:25:13,778 - INFO - skipped: 0
2024-11-01 11:25:13,786 - INFO - Importing module: 0306211338
2024-11-01 11:25:13,787 - INFO - Module import took 0.0009 seconds
2024-11-01 11:25:13,789 - INFO - 
tests run: 10
2024-11-01 11:25:13,789 - INFO - errors: 0
2024-11-01 11:25:13,789 - INFO - failures: 6
2024-11-01 11:25:13,789 - INFO - success: 4
2024-11-01 11:25:13,789 - INFO - skipped: 0
2024-11-01 11:25:13,798 - INFO - Importing module: 0306221321
2024-11-01 11:25:13,800 - INFO - Module import took 0.0013 seconds
2024-11-01 11:25:13,801 - INFO - 
tests run: 10
2024-11-01 11:25:13,801 - INFO - errors: 0
2024-11-01 11:25:13,801 - INFO - failures: 0
2024-11-01 11:25:13,801 - INFO - success: 10
2024-11-01 11:25:13,801 - INFO - skipped: 0
2024-11-01 11:25:13,808 - INFO - Importing module: 0306221261
2024-11-01 11:25:13,809 - ERROR - 0306221261 error!!! expected ':' (0306221261.py, line 25)
2024-11-01 11:25:13,816 - INFO - Importing module: 0306221255
2024-11-01 11:25:13,817 - INFO - Module import took 0.0007 seconds
2024-11-01 11:25:13,818 - INFO - 
tests run: 10
2024-11-01 11:25:13,818 - INFO - errors: 0
2024-11-01 11:25:13,818 - INFO - failures: 0
2024-11-01 11:25:13,818 - INFO - success: 10
2024-11-01 11:25:13,818 - INFO - skipped: 0
2024-11-01 11:25:13,825 - INFO - Importing module: 0306221195
2024-11-01 11:25:13,826 - INFO - Module import took 0.0010 seconds
2024-11-01 11:25:13,831 - INFO - 
tests run: 10
2024-11-01 11:25:13,831 - INFO - errors: 0
2024-11-01 11:25:13,831 - INFO - failures: 9
2024-11-01 11:25:13,831 - INFO - success: 1
2024-11-01 11:25:13,831 - INFO - skipped: 0
2024-11-01 11:25:13,839 - INFO - Importing module: 0306221335
2024-11-01 11:25:13,840 - INFO - Module import took 0.0006 seconds
2024-11-01 11:25:13,841 - INFO - 
tests run: 10
2024-11-01 11:25:13,841 - INFO - errors: 0
2024-11-01 11:25:13,841 - INFO - failures: 1
2024-11-01 11:25:13,841 - INFO - success: 9
2024-11-01 11:25:13,841 - INFO - skipped: 0
2024-11-01 11:25:13,850 - INFO - Importing module: 0306221286
2024-11-01 11:25:13,851 - INFO - Module import took 0.0006 seconds
2024-11-01 11:25:13,853 - INFO - 
tests run: 10
2024-11-01 11:25:13,853 - INFO - errors: 3
2024-11-01 11:25:13,853 - INFO - failures: 2
2024-11-01 11:25:13,853 - INFO - success: 5
2024-11-01 11:25:13,853 - INFO - skipped: 0
2024-11-01 11:25:13,860 - INFO - Importing module: 0306221073
2024-11-01 11:25:13,860 - INFO - Module import took 0.0006 seconds
2024-11-01 11:25:13,864 - INFO - 
tests run: 10
2024-11-01 11:25:13,864 - INFO - errors: 0
2024-11-01 11:25:13,864 - INFO - failures: 7
2024-11-01 11:25:13,864 - INFO - success: 3
2024-11-01 11:25:13,864 - INFO - skipped: 0
